[0/2] Re-checking globbed directories...
[1/40] Linking C static library libtoob_crypto_upstream.a
[2/40] Building C object CMakeFiles/toob_zcbor.dir/lib/zcbor/src/zcbor_decode.c.obj
FAILED: CMakeFiles/toob_zcbor.dir/lib/zcbor/src/zcbor_decode.c.obj 
C:\Users\Robin\Desktop\gcc-15.2.0-gdb-16.3.90.20250511-binutils-2.45-mingw-w64-v13.0.0-ucrt\bin\gcc.exe -Dcalloc=CALLOC_FORBIDDEN -Dfree=FREE_FORBIDDEN -Dmalloc=MALLOC_FORBIDDEN -Drealloc=REALLOC_FORBIDDEN -IC:/Users/Robin/Desktop/Toob-Loader/lib/zcbor/include -g -std=c17 -MD -MT CMakeFiles/toob_zcbor.dir/lib/zcbor/src/zcbor_decode.c.obj -MF CMakeFiles\toob_zcbor.dir\lib\zcbor\src\zcbor_decode.c.obj.d -o CMakeFiles/toob_zcbor.dir/lib/zcbor/src/zcbor_decode.c.obj -c C:/Users/Robin/Desktop/Toob-Loader/lib/zcbor/src/zcbor_decode.c
C:/Users/Robin/Desktop/Toob-Loader/lib/zcbor/src/zcbor_decode.c:14:10: fatal error: zcbor_print.h: No such file or directory
   14 | #include "zcbor_print.h"
      |          ^~~~~~~~~~~~~~~
compilation terminated.

[3/40] Building C object CMakeFiles/toob_zcbor.dir/lib/zcbor/src/zcbor_common.c.obj
FAILED: CMakeFiles/toob_zcbor.dir/lib/zcbor/src/zcbor_common.c.obj 
C:\Users\Robin\Desktop\gcc-15.2.0-gdb-16.3.90.20250511-binutils-2.45-mingw-w64-v13.0.0-ucrt\bin\gcc.exe -Dcalloc=CALLOC_FORBIDDEN -Dfree=FREE_FORBIDDEN -Dmalloc=MALLOC_FORBIDDEN -Drealloc=REALLOC_FORBIDDEN -IC:/Users/Robin/Desktop/Toob-Loader/lib/zcbor/include -g -std=c17 -MD -MT CMakeFiles/toob_zcbor.dir/lib/zcbor/src/zcbor_common.c.obj -MF CMakeFiles\toob_zcbor.dir\lib\zcbor\src\zcbor_common.c.obj.d -o CMakeFiles/toob_zcbor.dir/lib/zcbor/src/zcbor_common.c.obj -c C:/Users/Robin/Desktop/Toob-Loader/lib/zcbor/src/zcbor_common.c
C:/Users/Robin/Desktop/Toob-Loader/lib/zcbor/src/zcbor_common.c:12:10: fatal error: zcbor_print.h: No such file or directory
   12 | #include "zcbor_print.h"
      |          ^~~~~~~~~~~~~~~
compilation terminated.

[4/40] Linking C static library libtoob_crypto.a
[5/40] Executing SUIT ZCBOR CodeGen & Config-Bridge...
FAILED: generated/boot_suit.c generated/toob_telemetry_decode.c generated/chip_config.h generated/stage0_layout.ld generated/chip_config_mock.c C:/Users/Robin/Desktop/Toob-Loader/build/generated/boot_suit.c C:/Users/Robin/Desktop/Toob-Loader/build/generated/toob_telemetry_decode.c C:/Users/Robin/Desktop/Toob-Loader/build/generated/chip_config.h C:/Users/Robin/Desktop/Toob-Loader/build/generated/stage0_layout.ld C:/Users/Robin/Desktop/Toob-Loader/build/generated/chip_config_mock.c 
C:\WINDOWS\system32\cmd.exe /C "cd /D C:\Users\Robin\Desktop\Toob-Loader\build && "C:\Program Files\CMake\bin\cmake.exe" -E make_directory C:/Users/Robin/Desktop/Toob-Loader/build/generated && bash C:/Users/Robin/Desktop/Toob-Loader/suit/generate.sh C:/Users/Robin/Desktop/Toob-Loader/build/generated"
wsl: Failed to mount D:\, see dmesg for more details.
<3>WSL (11 - Relay) ERROR: CreateProcessCommon:800: execvpe(/bin/bash) failed: No such file or directory
ninja: build stopped: subcommand failed.
